<?xml version="1.0" encoding="UTF-8"?>
<!-- Generated by org.testng.reporters.JUnitReportReporter -->
<testsuite skipped="0" hostname="NSWSYDNLP224" name="TestNGTest.LoginPageTest" tests="1" failures="0" timestamp="29 Oct 2019 23:50:28 GMT" time="22.352" errors="0">
  <testcase name="verifyloginPage" time="22.352" classname="TestNGTest.LoginPageTest"/>
</testsuite> <!-- TestNGTest.LoginPageTest -->
